<?xml version="1.0" encoding="UTF-8"?>
<testng-results ignored="0" total="27" passed="27" failed="0" skipped="0">
  <reporter-output>
  </reporter-output>
  <suite started-at="2025-03-21T01:49:21 PDT" name="Default suite" finished-at="2025-03-21T02:04:57 PDT" duration-ms="935740">
    <groups>
      <group name="cucumber">
        <method signature="AbstractTestNGCucumberTests.runScenario(io.cucumber.testng.PickleWrapper,io.cucumber.testng.FeatureWrapper)[pri:0, instance:com.ecommerce.testRunners.RegisterRunner@36b4fe2a]" name="runScenario" class="io.cucumber.testng.AbstractTestNGCucumberTests"/>
      </group> <!-- cucumber -->
    </groups>
    <test started-at="2025-03-21T01:49:21 PDT" name="Default test" finished-at="2025-03-21T02:04:57 PDT" duration-ms="935740">
      <class name="com.ecommerce.testRunners.RegisterRunner">
        <test-method is-config="true" signature="setUpClass(org.testng.ITestContext)[pri:0, instance:com.ecommerce.testRunners.RegisterRunner@36b4fe2a]" started-at="2025-03-21T01:49:21 PDT" name="setUpClass" finished-at="2025-03-21T01:49:23 PDT" duration-ms="2320" status="PASS">
          <params>
            <param index="0">
              <value>
                <![CDATA[org.testng.TestRunner@7be3baf2]]>
              </value>
            </param>
          </params>
          <reporter-output>
          </reporter-output>
        </test-method> <!-- setUpClass -->
        <test-method signature="runScenario(io.cucumber.testng.PickleWrapper,io.cucumber.testng.FeatureWrapper)[pri:0, instance:com.ecommerce.testRunners.RegisterRunner@36b4fe2a]" started-at="2025-03-21T01:49:23 PDT" name="runScenario" description="Runs Cucumber Scenarios" data-provider="scenarios" finished-at="2025-03-21T01:50:01 PDT" duration-ms="37441" status="PASS">
          <params>
            <param index="0">
              <value>
                <![CDATA["Register a new user"]]>
              </value>
            </param>
            <param index="1">
              <value>
                <![CDATA["User Registration and Login"]]>
              </value>
            </param>
          </params>
          <reporter-output>
          </reporter-output>
        </test-method> <!-- runScenario -->
        <test-method signature="runScenario(io.cucumber.testng.PickleWrapper,io.cucumber.testng.FeatureWrapper)[pri:0, instance:com.ecommerce.testRunners.RegisterRunner@36b4fe2a]" started-at="2025-03-21T01:50:01 PDT" name="runScenario" description="Runs Cucumber Scenarios" data-provider="scenarios" finished-at="2025-03-21T01:50:38 PDT" duration-ms="36703" status="PASS">
          <params>
            <param index="0">
              <value>
                <![CDATA["Register a new user"]]>
              </value>
            </param>
            <param index="1">
              <value>
                <![CDATA["User Registration and Login"]]>
              </value>
            </param>
          </params>
          <reporter-output>
          </reporter-output>
        </test-method> <!-- runScenario -->
        <test-method signature="runScenario(io.cucumber.testng.PickleWrapper,io.cucumber.testng.FeatureWrapper)[pri:0, instance:com.ecommerce.testRunners.RegisterRunner@36b4fe2a]" started-at="2025-03-21T01:50:38 PDT" name="runScenario" description="Runs Cucumber Scenarios" data-provider="scenarios" finished-at="2025-03-21T01:51:03 PDT" duration-ms="25561" status="PASS">
          <params>
            <param index="0">
              <value>
                <![CDATA["Login with valid credentials"]]>
              </value>
            </param>
            <param index="1">
              <value>
                <![CDATA["User Registration and Login"]]>
              </value>
            </param>
          </params>
          <reporter-output>
          </reporter-output>
        </test-method> <!-- runScenario -->
        <test-method signature="runScenario(io.cucumber.testng.PickleWrapper,io.cucumber.testng.FeatureWrapper)[pri:0, instance:com.ecommerce.testRunners.RegisterRunner@36b4fe2a]" started-at="2025-03-21T01:51:03 PDT" name="runScenario" description="Runs Cucumber Scenarios" data-provider="scenarios" finished-at="2025-03-21T01:51:24 PDT" duration-ms="20665" status="PASS">
          <params>
            <param index="0">
              <value>
                <![CDATA["Login User with incorrect credentials"]]>
              </value>
            </param>
            <param index="1">
              <value>
                <![CDATA["User Registration and Login"]]>
              </value>
            </param>
          </params>
          <reporter-output>
          </reporter-output>
        </test-method> <!-- runScenario -->
        <test-method signature="runScenario(io.cucumber.testng.PickleWrapper,io.cucumber.testng.FeatureWrapper)[pri:0, instance:com.ecommerce.testRunners.RegisterRunner@36b4fe2a]" started-at="2025-03-21T01:51:24 PDT" name="runScenario" description="Runs Cucumber Scenarios" data-provider="scenarios" finished-at="2025-03-21T01:51:48 PDT" duration-ms="23932" status="PASS">
          <params>
            <param index="0">
              <value>
                <![CDATA["Verify user is able to log in and log out successfully"]]>
              </value>
            </param>
            <param index="1">
              <value>
                <![CDATA["User Registration and Login"]]>
              </value>
            </param>
          </params>
          <reporter-output>
          </reporter-output>
        </test-method> <!-- runScenario -->
        <test-method signature="runScenario(io.cucumber.testng.PickleWrapper,io.cucumber.testng.FeatureWrapper)[pri:0, instance:com.ecommerce.testRunners.RegisterRunner@36b4fe2a]" started-at="2025-03-21T01:51:48 PDT" name="runScenario" description="Runs Cucumber Scenarios" data-provider="scenarios" finished-at="2025-03-21T01:52:05 PDT" duration-ms="17200" status="PASS">
          <params>
            <param index="0">
              <value>
                <![CDATA["Verify user cannot register with an already registered email"]]>
              </value>
            </param>
            <param index="1">
              <value>
                <![CDATA["User Registration and Login"]]>
              </value>
            </param>
          </params>
          <reporter-output>
          </reporter-output>
        </test-method> <!-- runScenario -->
        <test-method signature="runScenario(io.cucumber.testng.PickleWrapper,io.cucumber.testng.FeatureWrapper)[pri:0, instance:com.ecommerce.testRunners.RegisterRunner@36b4fe2a]" started-at="2025-03-21T01:52:05 PDT" name="runScenario" description="Runs Cucumber Scenarios" data-provider="scenarios" finished-at="2025-03-21T01:52:34 PDT" duration-ms="28841" status="PASS">
          <params>
            <param index="0">
              <value>
                <![CDATA["User submits the contact form successfully"]]>
              </value>
            </param>
            <param index="1">
              <value>
                <![CDATA["User Registration and Login"]]>
              </value>
            </param>
          </params>
          <reporter-output>
          </reporter-output>
        </test-method> <!-- runScenario -->
        <test-method signature="runScenario(io.cucumber.testng.PickleWrapper,io.cucumber.testng.FeatureWrapper)[pri:0, instance:com.ecommerce.testRunners.RegisterRunner@36b4fe2a]" started-at="2025-03-21T01:52:34 PDT" name="runScenario" description="Runs Cucumber Scenarios" data-provider="scenarios" finished-at="2025-03-21T01:52:48 PDT" duration-ms="13794" status="PASS">
          <params>
            <param index="0">
              <value>
                <![CDATA["User navigates to the Test Cases page successfully"]]>
              </value>
            </param>
            <param index="1">
              <value>
                <![CDATA["User Registration and Login"]]>
              </value>
            </param>
          </params>
          <reporter-output>
          </reporter-output>
        </test-method> <!-- runScenario -->
        <test-method signature="runScenario(io.cucumber.testng.PickleWrapper,io.cucumber.testng.FeatureWrapper)[pri:0, instance:com.ecommerce.testRunners.RegisterRunner@36b4fe2a]" started-at="2025-03-21T01:52:48 PDT" name="runScenario" description="Runs Cucumber Scenarios" data-provider="scenarios" finished-at="2025-03-21T01:53:05 PDT" duration-ms="17107" status="PASS">
          <params>
            <param index="0">
              <value>
                <![CDATA["User successfully subscribes using different emails"]]>
              </value>
            </param>
            <param index="1">
              <value>
                <![CDATA["User Registration and Login"]]>
              </value>
            </param>
          </params>
          <reporter-output>
          </reporter-output>
        </test-method> <!-- runScenario -->
        <test-method signature="runScenario(io.cucumber.testng.PickleWrapper,io.cucumber.testng.FeatureWrapper)[pri:0, instance:com.ecommerce.testRunners.RegisterRunner@36b4fe2a]" started-at="2025-03-21T01:53:05 PDT" name="runScenario" description="Runs Cucumber Scenarios" data-provider="scenarios" finished-at="2025-03-21T01:54:41 PDT" duration-ms="96009" status="PASS">
          <params>
            <param index="0">
              <value>
                <![CDATA["User adds a recommended item to the cart and verifies it"]]>
              </value>
            </param>
            <param index="1">
              <value>
                <![CDATA["User Registration and Login"]]>
              </value>
            </param>
          </params>
          <reporter-output>
          </reporter-output>
        </test-method> <!-- runScenario -->
        <test-method signature="runScenario(io.cucumber.testng.PickleWrapper,io.cucumber.testng.FeatureWrapper)[pri:0, instance:com.ecommerce.testRunners.RegisterRunner@36b4fe2a]" started-at="2025-03-21T01:54:41 PDT" name="runScenario" description="Runs Cucumber Scenarios" data-provider="scenarios" finished-at="2025-03-21T01:54:52 PDT" duration-ms="11148" status="PASS">
          <params>
            <param index="0">
              <value>
                <![CDATA["User verifies scroll up and scroll down on home page"]]>
              </value>
            </param>
            <param index="1">
              <value>
                <![CDATA["User Registration and Login"]]>
              </value>
            </param>
          </params>
          <reporter-output>
          </reporter-output>
        </test-method> <!-- runScenario -->
        <test-method signature="runScenario(io.cucumber.testng.PickleWrapper,io.cucumber.testng.FeatureWrapper)[pri:0, instance:com.ecommerce.testRunners.RegisterRunner@36b4fe2a]" started-at="2025-03-21T01:54:52 PDT" name="runScenario" description="Runs Cucumber Scenarios" data-provider="scenarios" finished-at="2025-03-21T01:55:04 PDT" duration-ms="12106" status="PASS">
          <params>
            <param index="0">
              <value>
                <![CDATA["User verifies scroll up and scroll down without using arrow button"]]>
              </value>
            </param>
            <param index="1">
              <value>
                <![CDATA["User Registration and Login"]]>
              </value>
            </param>
          </params>
          <reporter-output>
          </reporter-output>
        </test-method> <!-- runScenario -->
        <test-method signature="runScenario(io.cucumber.testng.PickleWrapper,io.cucumber.testng.FeatureWrapper)[pri:0, instance:com.ecommerce.testRunners.RegisterRunner@36b4fe2a]" started-at="2025-03-21T01:55:04 PDT" name="runScenario" description="Runs Cucumber Scenarios" data-provider="scenarios" finished-at="2025-03-21T01:55:21 PDT" duration-ms="16897" status="PASS">
          <params>
            <param index="0">
              <value>
                <![CDATA["Verify product removal from cart"]]>
              </value>
            </param>
            <param index="1">
              <value>
                <![CDATA["User Registration and Login"]]>
              </value>
            </param>
          </params>
          <reporter-output>
          </reporter-output>
        </test-method> <!-- runScenario -->
        <test-method signature="runScenario(io.cucumber.testng.PickleWrapper,io.cucumber.testng.FeatureWrapper)[pri:0, instance:com.ecommerce.testRunners.RegisterRunner@36b4fe2a]" started-at="2025-03-21T01:55:21 PDT" name="runScenario" description="Runs Cucumber Scenarios" data-provider="scenarios" finished-at="2025-03-21T01:55:41 PDT" duration-ms="19852" status="PASS">
          <params>
            <param index="0">
              <value>
                <![CDATA["Verify category navigation for Women and Men products"]]>
              </value>
            </param>
            <param index="1">
              <value>
                <![CDATA["User Registration and Login"]]>
              </value>
            </param>
          </params>
          <reporter-output>
          </reporter-output>
        </test-method> <!-- runScenario -->
        <test-method signature="runScenario(io.cucumber.testng.PickleWrapper,io.cucumber.testng.FeatureWrapper)[pri:0, instance:com.ecommerce.testRunners.RegisterRunner@36b4fe2a]" started-at="2025-03-21T01:55:41 PDT" name="runScenario" description="Runs Cucumber Scenarios" data-provider="scenarios" finished-at="2025-03-21T01:58:41 PDT" duration-ms="179821" status="PASS">
          <params>
            <param index="0">
              <value>
                <![CDATA["Register and complete checkout process"]]>
              </value>
            </param>
            <param index="1">
              <value>
                <![CDATA["User Registration and Login"]]>
              </value>
            </param>
          </params>
          <reporter-output>
          </reporter-output>
        </test-method> <!-- runScenario -->
        <test-method signature="runScenario(io.cucumber.testng.PickleWrapper,io.cucumber.testng.FeatureWrapper)[pri:0, instance:com.ecommerce.testRunners.RegisterRunner@36b4fe2a]" started-at="2025-03-21T01:58:41 PDT" name="runScenario" description="Runs Cucumber Scenarios" data-provider="scenarios" finished-at="2025-03-21T01:59:13 PDT" duration-ms="31996" status="PASS">
          <params>
            <param index="0">
              <value>
                <![CDATA["Verify search functionality on products page"]]>
              </value>
            </param>
            <param index="1">
              <value>
                <![CDATA["Product Search Functionality"]]>
              </value>
            </param>
          </params>
          <reporter-output>
          </reporter-output>
        </test-method> <!-- runScenario -->
        <test-method signature="runScenario(io.cucumber.testng.PickleWrapper,io.cucumber.testng.FeatureWrapper)[pri:0, instance:com.ecommerce.testRunners.RegisterRunner@36b4fe2a]" started-at="2025-03-21T01:59:13 PDT" name="runScenario" description="Runs Cucumber Scenarios" data-provider="scenarios" finished-at="2025-03-21T01:59:45 PDT" duration-ms="32735" status="PASS">
          <params>
            <param index="0">
              <value>
                <![CDATA["Verify user can view product details"]]>
              </value>
            </param>
            <param index="1">
              <value>
                <![CDATA["Product Search Functionality"]]>
              </value>
            </param>
          </params>
          <reporter-output>
          </reporter-output>
        </test-method> <!-- runScenario -->
        <test-method signature="runScenario(io.cucumber.testng.PickleWrapper,io.cucumber.testng.FeatureWrapper)[pri:0, instance:com.ecommerce.testRunners.RegisterRunner@36b4fe2a]" started-at="2025-03-21T01:59:45 PDT" name="runScenario" description="Runs Cucumber Scenarios" data-provider="scenarios" finished-at="2025-03-21T02:00:15 PDT" duration-ms="29872" status="PASS">
          <params>
            <param index="0">
              <value>
                <![CDATA["Verify user can add multiple products to cart and verify details"]]>
              </value>
            </param>
            <param index="1">
              <value>
                <![CDATA["Product Search Functionality"]]>
              </value>
            </param>
          </params>
          <reporter-output>
          </reporter-output>
        </test-method> <!-- runScenario -->
        <test-method signature="runScenario(io.cucumber.testng.PickleWrapper,io.cucumber.testng.FeatureWrapper)[pri:0, instance:com.ecommerce.testRunners.RegisterRunner@36b4fe2a]" started-at="2025-03-21T02:00:15 PDT" name="runScenario" description="Runs Cucumber Scenarios" data-provider="scenarios" finished-at="2025-03-21T02:00:25 PDT" duration-ms="9366" status="PASS">
          <params>
            <param index="0">
              <value>
                <![CDATA["User subscribes from Cart page"]]>
              </value>
            </param>
            <param index="1">
              <value>
                <![CDATA["Product Search Functionality"]]>
              </value>
            </param>
          </params>
          <reporter-output>
          </reporter-output>
        </test-method> <!-- runScenario -->
        <test-method signature="runScenario(io.cucumber.testng.PickleWrapper,io.cucumber.testng.FeatureWrapper)[pri:0, instance:com.ecommerce.testRunners.RegisterRunner@36b4fe2a]" started-at="2025-03-21T02:00:25 PDT" name="runScenario" description="Runs Cucumber Scenarios" data-provider="scenarios" finished-at="2025-03-21T02:00:42 PDT" duration-ms="16876" status="PASS">
          <params>
            <param index="0">
              <value>
                <![CDATA["Verify product quantity is correctly updated in the cart"]]>
              </value>
            </param>
            <param index="1">
              <value>
                <![CDATA["Product Search Functionality"]]>
              </value>
            </param>
          </params>
          <reporter-output>
          </reporter-output>
        </test-method> <!-- runScenario -->
        <test-method signature="runScenario(io.cucumber.testng.PickleWrapper,io.cucumber.testng.FeatureWrapper)[pri:0, instance:com.ecommerce.testRunners.RegisterRunner@36b4fe2a]" started-at="2025-03-21T02:00:42 PDT" name="runScenario" description="Runs Cucumber Scenarios" data-provider="scenarios" finished-at="2025-03-21T02:01:05 PDT" duration-ms="23211" status="PASS">
          <params>
            <param index="0">
              <value>
                <![CDATA["User adds a review on a product"]]>
              </value>
            </param>
            <param index="1">
              <value>
                <![CDATA["Product Search Functionality"]]>
              </value>
            </param>
          </params>
          <reporter-output>
          </reporter-output>
        </test-method> <!-- runScenario -->
        <test-method signature="runScenario(io.cucumber.testng.PickleWrapper,io.cucumber.testng.FeatureWrapper)[pri:0, instance:com.ecommerce.testRunners.RegisterRunner@36b4fe2a]" started-at="2025-03-21T02:01:05 PDT" name="runScenario" description="Runs Cucumber Scenarios" data-provider="scenarios" finished-at="2025-03-21T02:01:40 PDT" duration-ms="35015" status="PASS">
          <params>
            <param index="0">
              <value>
                <![CDATA["User adds a review on a product"]]>
              </value>
            </param>
            <param index="1">
              <value>
                <![CDATA["Product Search Functionality"]]>
              </value>
            </param>
          </params>
          <reporter-output>
          </reporter-output>
        </test-method> <!-- runScenario -->
        <test-method signature="runScenario(io.cucumber.testng.PickleWrapper,io.cucumber.testng.FeatureWrapper)[pri:0, instance:com.ecommerce.testRunners.RegisterRunner@36b4fe2a]" started-at="2025-03-21T02:01:40 PDT" name="runScenario" description="Runs Cucumber Scenarios" data-provider="scenarios" finished-at="2025-03-21T02:02:06 PDT" duration-ms="26228" status="PASS">
          <params>
            <param index="0">
              <value>
                <![CDATA["User adds a review on a product"]]>
              </value>
            </param>
            <param index="1">
              <value>
                <![CDATA["Product Search Functionality"]]>
              </value>
            </param>
          </params>
          <reporter-output>
          </reporter-output>
        </test-method> <!-- runScenario -->
        <test-method signature="runScenario(io.cucumber.testng.PickleWrapper,io.cucumber.testng.FeatureWrapper)[pri:0, instance:com.ecommerce.testRunners.RegisterRunner@36b4fe2a]" started-at="2025-03-21T02:02:06 PDT" name="runScenario" description="Runs Cucumber Scenarios" data-provider="scenarios" finished-at="2025-03-21T02:02:31 PDT" duration-ms="25091" status="PASS">
          <params>
            <param index="0">
              <value>
                <![CDATA["Verify brand navigation and products visibility"]]>
              </value>
            </param>
            <param index="1">
              <value>
                <![CDATA["Product Search Functionality"]]>
              </value>
            </param>
          </params>
          <reporter-output>
          </reporter-output>
        </test-method> <!-- runScenario -->
        <test-method signature="runScenario(io.cucumber.testng.PickleWrapper,io.cucumber.testng.FeatureWrapper)[pri:0, instance:com.ecommerce.testRunners.RegisterRunner@36b4fe2a]" started-at="2025-03-21T02:02:31 PDT" name="runScenario" description="Runs Cucumber Scenarios" data-provider="scenarios" finished-at="2025-03-21T02:03:16 PDT" duration-ms="44546" status="PASS">
          <params>
            <param index="0">
              <value>
                <![CDATA["Verify searched products remain in the cart after login"]]>
              </value>
            </param>
            <param index="1">
              <value>
                <![CDATA["Product Search Functionality"]]>
              </value>
            </param>
          </params>
          <reporter-output>
          </reporter-output>
        </test-method> <!-- runScenario -->
        <test-method signature="runScenario(io.cucumber.testng.PickleWrapper,io.cucumber.testng.FeatureWrapper)[pri:0, instance:com.ecommerce.testRunners.RegisterRunner@36b4fe2a]" started-at="2025-03-21T02:03:16 PDT" name="runScenario" description="Runs Cucumber Scenarios" data-provider="scenarios" finished-at="2025-03-21T02:04:10 PDT" duration-ms="54493" status="PASS">
          <params>
            <param index="0">
              <value>
                <![CDATA["User places order and registers during checkout"]]>
              </value>
            </param>
            <param index="1">
              <value>
                <![CDATA["Product Search Functionality"]]>
              </value>
            </param>
          </params>
          <reporter-output>
          </reporter-output>
        </test-method> <!-- runScenario -->
        <test-method signature="runScenario(io.cucumber.testng.PickleWrapper,io.cucumber.testng.FeatureWrapper)[pri:0, instance:com.ecommerce.testRunners.RegisterRunner@36b4fe2a]" started-at="2025-03-21T02:04:10 PDT" name="runScenario" description="Runs Cucumber Scenarios" data-provider="scenarios" finished-at="2025-03-21T02:04:56 PDT" duration-ms="45447" status="PASS">
          <params>
            <param index="0">
              <value>
                <![CDATA["User places an order after logging in"]]>
              </value>
            </param>
            <param index="1">
              <value>
                <![CDATA["Product Search Functionality"]]>
              </value>
            </param>
          </params>
          <reporter-output>
          </reporter-output>
        </test-method> <!-- runScenario -->
        <test-method is-config="true" signature="tearDownClass()[pri:0, instance:com.ecommerce.testRunners.RegisterRunner@36b4fe2a]" started-at="2025-03-21T02:04:56 PDT" name="tearDownClass" finished-at="2025-03-21T02:04:57 PDT" duration-ms="1195" status="PASS">
          <reporter-output>
          </reporter-output>
        </test-method> <!-- tearDownClass -->
      </class> <!-- com.ecommerce.testRunners.RegisterRunner -->
    </test> <!-- Default test -->
  </suite> <!-- Default suite -->
</testng-results>
